  Compiling GLSL shader:
  C:/Users/c2013448/CSC8503 2023/Assets/Shaders/VK/Debug.frag
  Compiling GLSL shader:
  C:/Users/c2013448/CSC8503 2023/Assets/Shaders/VK/Debug.vert
  Compiling GLSL shader:
  C:/Users/c2013448/CSC8503 2023/Assets/Shaders/VK/DebugText.frag
  Compiling GLSL shader:
  C:/Users/c2013448/CSC8503 2023/Assets/Shaders/VK/DebugText.vert
  Compiling GLSL shader:
  C:/Users/c2013448/CSC8503 2023/Assets/Shaders/VK/Shadow.vert
  Compiling GLSL shader:
  C:/Users/c2013448/CSC8503 2023/Assets/Shaders/VK/scene.frag
  Compiling GLSL shader:
  C:/Users/c2013448/CSC8503 2023/Assets/Shaders/VK/scene.vert
  Compiling GLSL shader:
  C:/Users/c2013448/CSC8503 2023/Assets/Shaders/VK/shadow.frag
  Compiling GLSL shader:
  C:/Users/c2013448/CSC8503 2023/Assets/Shaders/VK/skybox.frag
  Compiling GLSL shader:
  C:/Users/c2013448/CSC8503 2023/Assets/Shaders/VK/skybox.vert
C:\Program Files\Microsoft Visual Studio\2022\Community\MSBuild\Microsoft\VC\v170\Microsoft.CppCommon.targets(248,5): warning MSB8064: Custom build for item "C:\Users\c2013448\CSC8503 2023\CMakeFiles\fd3c8f00dc32f02c4417855cc7e59cda\Debug.frag.spv.rule" succeeded, but specified dependency "c:\users\c2013448\csc8503 2023\cmakefiles\fd3c8f00dc32f02c4417855cc7e59cda\debug.frag.spv.rule" does not exist. This may cause incremental build to work incorrectly.
C:\Program Files\Microsoft Visual Studio\2022\Community\MSBuild\Microsoft\VC\v170\Microsoft.CppCommon.targets(248,5): warning MSB8064: Custom build for item "C:\Users\c2013448\CSC8503 2023\CMakeFiles\fd3c8f00dc32f02c4417855cc7e59cda\Debug.vert.spv.rule" succeeded, but specified dependency "c:\users\c2013448\csc8503 2023\cmakefiles\fd3c8f00dc32f02c4417855cc7e59cda\debug.vert.spv.rule" does not exist. This may cause incremental build to work incorrectly.
C:\Program Files\Microsoft Visual Studio\2022\Community\MSBuild\Microsoft\VC\v170\Microsoft.CppCommon.targets(248,5): warning MSB8064: Custom build for item "C:\Users\c2013448\CSC8503 2023\CMakeFiles\fd3c8f00dc32f02c4417855cc7e59cda\DebugText.frag.spv.rule" succeeded, but specified dependency "c:\users\c2013448\csc8503 2023\cmakefiles\fd3c8f00dc32f02c4417855cc7e59cda\debugtext.frag.spv.rule" does not exist. This may cause incremental build to work incorrectly.
C:\Program Files\Microsoft Visual Studio\2022\Community\MSBuild\Microsoft\VC\v170\Microsoft.CppCommon.targets(248,5): warning MSB8064: Custom build for item "C:\Users\c2013448\CSC8503 2023\CMakeFiles\fd3c8f00dc32f02c4417855cc7e59cda\DebugText.vert.spv.rule" succeeded, but specified dependency "c:\users\c2013448\csc8503 2023\cmakefiles\fd3c8f00dc32f02c4417855cc7e59cda\debugtext.vert.spv.rule" does not exist. This may cause incremental build to work incorrectly.
C:\Program Files\Microsoft Visual Studio\2022\Community\MSBuild\Microsoft\VC\v170\Microsoft.CppCommon.targets(248,5): warning MSB8064: Custom build for item "C:\Users\c2013448\CSC8503 2023\CMakeFiles\fd3c8f00dc32f02c4417855cc7e59cda\Shadow.vert.spv.rule" succeeded, but specified dependency "c:\users\c2013448\csc8503 2023\cmakefiles\fd3c8f00dc32f02c4417855cc7e59cda\shadow.vert.spv.rule" does not exist. This may cause incremental build to work incorrectly.
C:\Program Files\Microsoft Visual Studio\2022\Community\MSBuild\Microsoft\VC\v170\Microsoft.CppCommon.targets(248,5): warning MSB8064: Custom build for item "C:\Users\c2013448\CSC8503 2023\CMakeFiles\fd3c8f00dc32f02c4417855cc7e59cda\scene.frag.spv.rule" succeeded, but specified dependency "c:\users\c2013448\csc8503 2023\cmakefiles\fd3c8f00dc32f02c4417855cc7e59cda\scene.frag.spv.rule" does not exist. This may cause incremental build to work incorrectly.
C:\Program Files\Microsoft Visual Studio\2022\Community\MSBuild\Microsoft\VC\v170\Microsoft.CppCommon.targets(248,5): warning MSB8064: Custom build for item "C:\Users\c2013448\CSC8503 2023\CMakeFiles\fd3c8f00dc32f02c4417855cc7e59cda\scene.vert.spv.rule" succeeded, but specified dependency "c:\users\c2013448\csc8503 2023\cmakefiles\fd3c8f00dc32f02c4417855cc7e59cda\scene.vert.spv.rule" does not exist. This may cause incremental build to work incorrectly.
C:\Program Files\Microsoft Visual Studio\2022\Community\MSBuild\Microsoft\VC\v170\Microsoft.CppCommon.targets(248,5): warning MSB8064: Custom build for item "C:\Users\c2013448\CSC8503 2023\CMakeFiles\fd3c8f00dc32f02c4417855cc7e59cda\shadow.frag.spv.rule" succeeded, but specified dependency "c:\users\c2013448\csc8503 2023\cmakefiles\fd3c8f00dc32f02c4417855cc7e59cda\shadow.frag.spv.rule" does not exist. This may cause incremental build to work incorrectly.
C:\Program Files\Microsoft Visual Studio\2022\Community\MSBuild\Microsoft\VC\v170\Microsoft.CppCommon.targets(248,5): warning MSB8064: Custom build for item "C:\Users\c2013448\CSC8503 2023\CMakeFiles\fd3c8f00dc32f02c4417855cc7e59cda\skybox.frag.spv.rule" succeeded, but specified dependency "c:\users\c2013448\csc8503 2023\cmakefiles\fd3c8f00dc32f02c4417855cc7e59cda\skybox.frag.spv.rule" does not exist. This may cause incremental build to work incorrectly.
C:\Program Files\Microsoft Visual Studio\2022\Community\MSBuild\Microsoft\VC\v170\Microsoft.CppCommon.targets(248,5): warning MSB8064: Custom build for item "C:\Users\c2013448\CSC8503 2023\CMakeFiles\fd3c8f00dc32f02c4417855cc7e59cda\skybox.vert.spv.rule" succeeded, but specified dependency "c:\users\c2013448\csc8503 2023\cmakefiles\fd3c8f00dc32f02c4417855cc7e59cda\skybox.vert.spv.rule" does not exist. This may cause incremental build to work incorrectly.
