c:\users\c2013448\csc8503 2023\csc8503\csc8503.dir\debug\cmake_pch.pch
c:\users\c2013448\csc8503 2023\csc8503\csc8503.dir\debug\vc143.pdb
c:\users\c2013448\csc8503 2023\csc8503\csc8503.dir\debug\cmake_pch.obj
c:\users\c2013448\csc8503 2023\csc8503\csc8503.dir\debug\tutorialgame.obj
c:\users\c2013448\csc8503 2023\csc8503\csc8503.dir\debug\main.obj
c:\users\c2013448\csc8503 2023\csc8503\csc8503.dir\debug\levelone.obj
c:\users\c2013448\csc8503 2023\csc8503\csc8503.dir\debug\mainmenu.obj
c:\users\c2013448\csc8503 2023\csc8503\csc8503.dir\debug\networkedgame.obj
c:\users\c2013448\csc8503 2023\csc8503\csc8503.dir\debug\networkplayer.obj
c:\users\c2013448\csc8503 2023\csc8503\csc8503.dir\debug\stategameobject.obj
c:\users\c2013448\csc8503 2023\csc8503\csc8503.dir\debug\gametechrenderer.obj
c:\users\c2013448\csc8503 2023\csc8503\cmakefiles\generate.stamp
c:\users\c2013448\csc8503 2023\x64\debug\csc8503.pdb
c:\users\c2013448\csc8503 2023\csc8503\csc8503.dir\debug\csc8503.tlog\cl.command.1.tlog
c:\users\c2013448\csc8503 2023\csc8503\csc8503.dir\debug\csc8503.tlog\cl.items.tlog
c:\users\c2013448\csc8503 2023\csc8503\csc8503.dir\debug\csc8503.tlog\cl.read.1.tlog
c:\users\c2013448\csc8503 2023\csc8503\csc8503.dir\debug\csc8503.tlog\cl.write.1.tlog
c:\users\c2013448\csc8503 2023\csc8503\csc8503.dir\debug\csc8503.tlog\custombuild.command.1.tlog
c:\users\c2013448\csc8503 2023\csc8503\csc8503.dir\debug\csc8503.tlog\custombuild.read.1.tlog
c:\users\c2013448\csc8503 2023\csc8503\csc8503.dir\debug\csc8503.tlog\custombuild.write.1.tlog
c:\users\c2013448\csc8503 2023\csc8503\csc8503.dir\debug\csc8503.tlog\link-cvtres.read.1.tlog
c:\users\c2013448\csc8503 2023\csc8503\csc8503.dir\debug\csc8503.tlog\link-cvtres.write.1.tlog
c:\users\c2013448\csc8503 2023\csc8503\csc8503.dir\debug\csc8503.tlog\link-rc.read.1.tlog
c:\users\c2013448\csc8503 2023\csc8503\csc8503.dir\debug\csc8503.tlog\link-rc.write.1.tlog
c:\users\c2013448\csc8503 2023\csc8503\csc8503.dir\debug\csc8503.tlog\link.18408-cvtres.read.1.tlog
c:\users\c2013448\csc8503 2023\csc8503\csc8503.dir\debug\csc8503.tlog\link.18408-cvtres.write.1.tlog
c:\users\c2013448\csc8503 2023\csc8503\csc8503.dir\debug\csc8503.tlog\link.18408-rc.read.1.tlog
c:\users\c2013448\csc8503 2023\csc8503\csc8503.dir\debug\csc8503.tlog\link.18408-rc.write.1.tlog
c:\users\c2013448\csc8503 2023\csc8503\csc8503.dir\debug\csc8503.tlog\link.18408.read.1.tlog
c:\users\c2013448\csc8503 2023\csc8503\csc8503.dir\debug\csc8503.tlog\link.18408.read.2.tlog
c:\users\c2013448\csc8503 2023\csc8503\csc8503.dir\debug\csc8503.tlog\link.18408.write.1.tlog
c:\users\c2013448\csc8503 2023\csc8503\csc8503.dir\debug\csc8503.tlog\link.command.1.tlog
c:\users\c2013448\csc8503 2023\csc8503\csc8503.dir\debug\csc8503.tlog\link.read.1.tlog
c:\users\c2013448\csc8503 2023\csc8503\csc8503.dir\debug\csc8503.tlog\link.read.2.tlog
c:\users\c2013448\csc8503 2023\csc8503\csc8503.dir\debug\csc8503.tlog\link.write.1.tlog
